<?xml version="1.0" encoding="UTF-8"?>
<testng-results skipped="0" failed="0" total="2" passed="2">
  <reporter-output>
  </reporter-output>
  <suite name="Default suite" duration-ms="93861" started-at="2016-02-24T22:06:12Z" finished-at="2016-02-24T22:07:46Z">
    <groups>
    </groups>
    <test name="Default test" duration-ms="93861" started-at="2016-02-24T22:06:12Z" finished-at="2016-02-24T22:07:46Z">
      <class name="com.user.profiles.UserRegistrationTest">
        <test-method status="PASS" signature="accessToSite()[pri:1, instance:com.user.profiles.UserRegistrationTest@511baa65]" name="accessToSite" duration-ms="9392" started-at="2016-02-24T17:06:12Z" finished-at="2016-02-24T17:06:21Z">
          <reporter-output>
          </reporter-output>
        </test-method> <!-- accessToSite -->
        <test-method status="PASS" signature="registration()[pri:2, instance:com.user.profiles.UserRegistrationTest@511baa65]" name="registration" duration-ms="84449" started-at="2016-02-24T17:06:21Z" finished-at="2016-02-24T17:07:46Z">
          <reporter-output>
          </reporter-output>
        </test-method> <!-- registration -->
      </class> <!-- com.user.profiles.UserRegistrationTest -->
    </test> <!-- Default test -->
  </suite> <!-- Default suite -->
</testng-results>
