<?xml version="1.0" encoding="UTF-8"?>
<testng-results skipped="0" failed="0" total="2" passed="2">
  <reporter-output>
  </reporter-output>
  <suite name="Default suite" duration-ms="106493" started-at="2016-02-24T06:14:32Z" finished-at="2016-02-24T06:16:18Z">
    <groups>
    </groups>
    <test name="Default test" duration-ms="106493" started-at="2016-02-24T06:14:32Z" finished-at="2016-02-24T06:16:18Z">
      <class name="com.user.profiles.UserRegistrationTest">
        <test-method status="PASS" signature="accessToSite()[pri:1, instance:com.user.profiles.UserRegistrationTest@2be94b0f]" name="accessToSite" duration-ms="9756" started-at="2016-02-24T01:14:32Z" finished-at="2016-02-24T01:14:42Z">
          <reporter-output>
          </reporter-output>
        </test-method> <!-- accessToSite -->
        <test-method status="PASS" signature="registration()[pri:2, instance:com.user.profiles.UserRegistrationTest@2be94b0f]" name="registration" duration-ms="96717" started-at="2016-02-24T01:14:42Z" finished-at="2016-02-24T01:16:18Z">
          <reporter-output>
          </reporter-output>
        </test-method> <!-- registration -->
      </class> <!-- com.user.profiles.UserRegistrationTest -->
    </test> <!-- Default test -->
  </suite> <!-- Default suite -->
</testng-results>
